{
  "RSpec": {
    "coverage": {
      "/Users/dashiellboyles/Projects/bookmark_manager/spec/bookmark_spec.rb": {
        "lines": [
          1,
          null,
          null,
          1,
          null,
          1,
          1,
          1,
          null,
          1,
          1,
          1,
          null,
          1,
          null,
          1,
          1,
          1,
          1,
          1,
          null,
          null,
          null,
          null,
          null,
          1,
          1,
          1,
          1,
          null,
          1,
          1,
          1,
          1,
          null,
          null,
          null,
          null,
          null
        ]
      },
      "/Users/dashiellboyles/Projects/bookmark_manager/spec/features/create_bookmark_spec.rb": {
        "lines": [
          1,
          1,
          1,
          1,
          1,
          1,
          null,
          1,
          null,
          null
        ]
      },
      "/Users/dashiellboyles/Projects/bookmark_manager/spec/features/homepage_spec.rb": {
        "lines": [
          1,
          1,
          1,
          1,
          null,
          null
        ]
      },
      "/Users/dashiellboyles/Projects/bookmark_manager/spec/features/view_bookmarks_spec.rb": {
        "lines": [
          1,
          1,
          null,
          1,
          1,
          1,
          null,
          null,
          1,
          null,
          1,
          0,
          0,
          null,
          null
        ]
      }
    },
    "timestamp": 1645115176
  }
}
